<?xml version="1.0" encoding="utf-8"?>
<TestRun id="bafe5869-d79d-40f5-a164-6dc7270fbc71" name="test-002" xmlns="http://microsoft.com/schemas/VisualStudio/TeamTest/2010">
  <Results>
    <UnitTestResult testId="f3699295-fb4c-d756-4cb4-d0a32064e009" testName="test-002-001" outcome="Passed" testType="13cdc9d9-ddb5-4fa4-a97d-d965ccfc6d4b" testListId="8c84fa94-04c1-424b-9868-57a2d4851a1d" computerName="XYZ-001" >
    </UnitTestResult>
    <UnitTestResult testId="f3699295-fb4c-d756-4cb4-d0a32064e00A" testName="test-002-002" outcome="Failed" testType="13cdc9d9-ddb5-4fa4-a97d-d965ccfc6d4b" testListId="8c84fa94-04c1-424b-9868-57a2d4851a1d" computerName="XYZ-001" >
    </UnitTestResult>
  </Results>
  <TestEntries>
    <TestEntry testId="f3699295-fb4c-d756-4cb4-d0a32064e009" testListId="8c84fa94-04c1-424b-9868-57a2d4851a1d" />
    <TestEntry testId="f3699295-fb4c-d756-4cb4-d0a32064e00A" testListId="8c84fa94-04c1-424b-9868-57a2d4851a1d" />
  </TestEntries>
  <TestLists>
    <TestList name="All Results" id="8c84fa94-04c1-424b-9868-57a2d4851a1d" />
  </TestLists>
  <ResultSummary outcome="Completed">
    <Counters total="2" executed="2" passed="1" failed="1" error="0" timeout="0" aborted="0" inconclusive="0" passedButRunAborted="0" notRunnable="0" notExecuted="0" disconnected="0" warning="0" completed="0" inProgress="0" pending="0" />
  </ResultSummary>
</TestRun>